<?xml version="1.0" encoding="UTF-8"?>
<!-- Generated by org.testng.reporters.JUnitReportReporter -->
<testsuite skipped="0" hostname="DESKTOP-OBQEJLG" name="com.ResalesforceExample.test.CreareTrailAccountTest" tests="1" failures="0" timestamp="2022-07-04T12:20:14 IST" time="38.483" errors="0">
  <testcase name="testDatatTest" time="38.483" classname="com.ResalesforceExample.test.CreareTrailAccountTest"/>
  <system-out/>
</testsuite> <!-- com.ResalesforceExample.test.CreareTrailAccountTest -->
