<?xml version="1.0" encoding="UTF-8"?>
<!-- Generated by org.testng.reporters.JUnitReportReporter -->
<testsuite skipped="0" hostname="DESKTOP-OBQEJLG" name="com.ResalesforceExample.test.PageObjectTest" tests="5" failures="0" timestamp="2022-07-02T23:26:03 IST" time="87.667" errors="0">
  <testcase name="testData" time="26.483" classname="com.ResalesforceExample.test.PageObjectTest"/>
  <system-out/>
  <testcase name="testData" time="8.569" classname="com.ResalesforceExample.test.PageObjectTest"/>
  <system-out/>
  <testcase name="testData" time="16.476" classname="com.ResalesforceExample.test.PageObjectTest"/>
  <system-out/>
  <testcase name="testData" time="18.903" classname="com.ResalesforceExample.test.PageObjectTest"/>
  <system-out/>
  <testcase name="testData" time="17.236" classname="com.ResalesforceExample.test.PageObjectTest"/>
  <system-out/>
</testsuite> <!-- com.ResalesforceExample.test.PageObjectTest -->
